<?xml version="1.0" encoding="UTF-8"?>
<!-- Generated by org.testng.reporters.JUnitReportReporter -->
<testsuite skipped="0" hostname="Rajan-PC" name="MavenDemo.MavenDemo.LoginTest" tests="1" failures="0" timestamp="22 Aug 2019 03:18:43 GMT" time="155.772" errors="0">
  <testcase name="setup" time="155.772" classname="MavenDemo.MavenDemo.LoginTest"/>
</testsuite> <!-- MavenDemo.MavenDemo.LoginTest -->
